[2026-03-02 16:33:40] Iniciando orchestrator com 1 streams...
[2026-03-02 16:33:40] Basic Auth habilitado via HLS_USER/HLS_PASS.
[2026-03-02 16:33:40] Ingest processes: 1
[2026-03-02 16:33:40] Worker processes: 1
[2026-03-02 16:33:40] Orchestrator rodando. CTRL+C para parar.
[2026-03-02 16:33:45] [HB] frames_in=17 frames_proc=1 events_out=0 ingest_alive=1/1 worker_alive=1/1
[2026-03-02 16:33:50] [HB] frames_in=25 frames_proc=2 events_out=0 ingest_alive=1/1 worker_alive=1/1
[2026-03-02 16:33:55] [HB] frames_in=25 frames_proc=2 events_out=0 ingest_alive=1/1 worker_alive=1/1
[2026-03-02 16:34:00] [HB] frames_in=31 frames_proc=3 events_out=0 ingest_alive=1/1 worker_alive=1/1
[2026-03-02 16:34:05] [HB] frames_in=37 frames_proc=4 events_out=0 ingest_alive=1/1 worker_alive=1/1
[2026-03-02 16:34:10] [HB] frames_in=45 frames_proc=5 events_out=0 ingest_alive=1/1 worker_alive=1/1
[2026-03-02 16:34:15] [HB] frames_in=45 frames_proc=5 events_out=0 ingest_alive=1/1 worker_alive=1/1
[2026-03-02 16:34:20] [HB] frames_in=51 frames_proc=6 events_out=0 ingest_alive=1/1 worker_alive=1/1
[2026-03-02 16:35:38] Iniciando orchestrator com 1 streams...
[2026-03-02 16:35:38] Basic Auth habilitado via HLS_USER/HLS_PASS.
[2026-03-02 16:35:38] Ingest processes: 1
[2026-03-02 16:35:38] Worker processes: 4
[2026-03-02 16:35:38] Orchestrator rodando. CTRL+C para parar.
[2026-03-02 16:35:43] [HB] frames_in=19 frames_proc=7 events_out=0 ingest_alive=1/1 worker_alive=4/4
[2026-03-02 16:35:48] [HB] frames_in=31 frames_proc=11 events_out=0 ingest_alive=1/1 worker_alive=4/4
[2026-03-02 16:35:53] [HB] frames_in=31 frames_proc=11 events_out=0 ingest_alive=1/1 worker_alive=4/4
[2026-03-02 16:35:58] [HB] frames_in=39 frames_proc=15 events_out=0 ingest_alive=1/1 worker_alive=4/4
[2026-03-02 16:36:03] [HB] frames_in=39 frames_proc=15 events_out=0 ingest_alive=1/1 worker_alive=4/4
[2026-03-02 16:36:08] [HB] frames_in=45 frames_proc=19 events_out=0 ingest_alive=1/1 worker_alive=4/4
[2026-03-02 16:36:13] [HB] frames_in=51 frames_proc=23 events_out=0 ingest_alive=1/1 worker_alive=4/4
[2026-03-02 16:36:18] [HB] frames_in=57 frames_proc=27 events_out=0 ingest_alive=1/1 worker_alive=4/4
[2026-03-02 16:36:23] [HB] frames_in=57 frames_proc=27 events_out=0 ingest_alive=1/1 worker_alive=4/4
[2026-03-02 16:36:28] [HB] frames_in=63 frames_proc=31 events_out=0 ingest_alive=1/1 worker_alive=4/4
[2026-03-02 16:36:33] [HB] frames_in=69 frames_proc=35 events_out=0 ingest_alive=1/1 worker_alive=4/4
[2026-03-02 16:36:38] [HB] frames_in=75 frames_proc=39 events_out=0 ingest_alive=1/1 worker_alive=4/4
[2026-03-02 16:36:43] [HB] frames_in=81 frames_proc=43 events_out=0 ingest_alive=1/1 worker_alive=4/4
[2026-03-02 16:36:48] [HB] frames_in=87 frames_proc=47 events_out=0 ingest_alive=1/1 worker_alive=4/4
[2026-03-02 16:36:53] [HB] frames_in=87 frames_proc=47 events_out=0 ingest_alive=1/1 worker_alive=4/4
[2026-03-02 16:36:58] [HB] frames_in=93 frames_proc=51 events_out=0 ingest_alive=1/1 worker_alive=4/4
[2026-03-02 16:37:03] [HB] frames_in=101 frames_proc=55 events_out=0 ingest_alive=1/1 worker_alive=4/4
[2026-03-02 16:37:08] [HB] frames_in=109 frames_proc=59 events_out=0 ingest_alive=1/1 worker_alive=4/4
[2026-03-02 16:37:13] [HB] frames_in=109 frames_proc=59 events_out=0 ingest_alive=1/1 worker_alive=4/4
[2026-03-02 16:37:18] [HB] frames_in=115 frames_proc=63 events_out=0 ingest_alive=1/1 worker_alive=4/4
[2026-03-02 16:37:23] [HB] frames_in=121 frames_proc=67 events_out=0 ingest_alive=1/1 worker_alive=4/4
[2026-03-02 16:37:28] [HB] frames_in=127 frames_proc=71 events_out=0 ingest_alive=1/1 worker_alive=4/4
[2026-03-02 16:37:33] [HB] frames_in=127 frames_proc=71 events_out=0 ingest_alive=1/1 worker_alive=4/4
[2026-03-02 16:37:38] [HB] frames_in=133 frames_proc=75 events_out=0 ingest_alive=1/1 worker_alive=4/4
[2026-03-02 16:37:43] [HB] frames_in=139 frames_proc=79 events_out=0 ingest_alive=1/1 worker_alive=4/4
[2026-03-02 16:37:48] [HB] frames_in=147 frames_proc=83 events_out=0 ingest_alive=1/1 worker_alive=4/4
[2026-03-02 16:37:53] [HB] frames_in=147 frames_proc=83 events_out=0 ingest_alive=1/1 worker_alive=4/4
[2026-03-02 16:37:58] [HB] frames_in=153 frames_proc=87 events_out=0 ingest_alive=1/1 worker_alive=4/4
[2026-03-02 16:38:04] [HB] frames_in=159 frames_proc=91 events_out=0 ingest_alive=1/1 worker_alive=4/4
[2026-03-02 16:38:09] [HB] frames_in=165 frames_proc=95 events_out=0 ingest_alive=1/1 worker_alive=4/4
[2026-03-02 16:38:14] [HB] frames_in=171 frames_proc=99 events_out=0 ingest_alive=1/1 worker_alive=4/4
[2026-03-02 16:38:19] [HB] frames_in=171 frames_proc=99 events_out=0 ingest_alive=1/1 worker_alive=4/4
[2026-03-02 16:38:24] [HB] frames_in=177 frames_proc=103 events_out=0 ingest_alive=1/1 worker_alive=4/4
[2026-03-02 16:38:29] [HB] frames_in=183 frames_proc=107 events_out=0 ingest_alive=1/1 worker_alive=4/4
[2026-03-02 16:38:34] [HB] frames_in=191 frames_proc=111 events_out=0 ingest_alive=1/1 worker_alive=4/4
